[2024-08-28T19:33:30.372+0000] {taskinstance.py:1083} INFO - Dependencies all met for <TaskInstance: dag_gold_ts.process_gold_ts_and_metrics manual__2024-08-28T19:32:39.835862+00:00 [queued]>
[2024-08-28T19:33:30.384+0000] {taskinstance.py:1083} INFO - Dependencies all met for <TaskInstance: dag_gold_ts.process_gold_ts_and_metrics manual__2024-08-28T19:32:39.835862+00:00 [queued]>
[2024-08-28T19:33:30.384+0000] {taskinstance.py:1279} INFO - 
--------------------------------------------------------------------------------
[2024-08-28T19:33:30.384+0000] {taskinstance.py:1280} INFO - Starting attempt 1 of 1
[2024-08-28T19:33:30.384+0000] {taskinstance.py:1281} INFO - 
--------------------------------------------------------------------------------
[2024-08-28T19:33:30.397+0000] {taskinstance.py:1300} INFO - Executing <Task(PythonOperator): process_gold_ts_and_metrics> on 2024-08-28 19:32:39.835862+00:00
[2024-08-28T19:33:30.404+0000] {standard_task_runner.py:55} INFO - Started process 1444 to run task
[2024-08-28T19:33:30.406+0000] {standard_task_runner.py:82} INFO - Running: ['***', 'tasks', 'run', 'dag_gold_ts', 'process_gold_ts_and_metrics', 'manual__2024-08-28T19:32:39.835862+00:00', '--job-id', '12473', '--raw', '--subdir', 'DAGS_FOLDER/dag_ts_inmet.py', '--cfg-path', '/tmp/tmpunatmsk4']
[2024-08-28T19:33:30.408+0000] {standard_task_runner.py:83} INFO - Job 12473: Subtask process_gold_ts_and_metrics
[2024-08-28T19:33:30.452+0000] {task_command.py:388} INFO - Running <TaskInstance: dag_gold_ts.process_gold_ts_and_metrics manual__2024-08-28T19:32:39.835862+00:00 [running]> on host 50af263b1053
[2024-08-28T19:33:30.510+0000] {taskinstance.py:1509} INFO - Exporting the following env vars:
AIRFLOW_CTX_DAG_OWNER=***
AIRFLOW_CTX_DAG_ID=dag_gold_ts
AIRFLOW_CTX_TASK_ID=process_gold_ts_and_metrics
AIRFLOW_CTX_EXECUTION_DATE=2024-08-28T19:32:39.835862+00:00
AIRFLOW_CTX_TRY_NUMBER=1
AIRFLOW_CTX_DAG_RUN_ID=manual__2024-08-28T19:32:39.835862+00:00
[2024-08-28T19:33:30.518+0000] {taskinstance.py:1768} ERROR - Task failed with exception
Traceback (most recent call last):
  File "/home/airflow/.local/lib/python3.7/site-packages/airflow/operators/python.py", line 175, in execute
    return_value = self.execute_callable()
  File "/home/airflow/.local/lib/python3.7/site-packages/airflow/operators/python.py", line 192, in execute_callable
    return self.python_callable(*self.op_args, **self.op_kwargs)
  File "/opt/airflow/dags/dag_ts_inmet.py", line 34, in run_gold_ts_and_calculate_metrics
    spark = create_spark_session()
  File "/opt/airflow/dags/dag_ts_inmet.py", line 19, in create_spark_session
    return SparkSession.builder \
NameError: name 'SparkSession' is not defined
[2024-08-28T19:33:30.525+0000] {taskinstance.py:1323} INFO - Marking task as FAILED. dag_id=dag_gold_ts, task_id=process_gold_ts_and_metrics, execution_date=20240828T193239, start_date=20240828T193330, end_date=20240828T193330
[2024-08-28T19:33:30.537+0000] {standard_task_runner.py:105} ERROR - Failed to execute job 12473 for task process_gold_ts_and_metrics (name 'SparkSession' is not defined; 1444)
[2024-08-28T19:33:30.578+0000] {local_task_job.py:208} INFO - Task exited with return code 1
[2024-08-28T19:33:30.601+0000] {taskinstance.py:2578} INFO - 1 downstream tasks scheduled from follow-on schedule check
