[2024-08-21T17:00:53.275+0000] {taskinstance.py:1083} INFO - Dependencies all met for <TaskInstance: dag_gold_ts.process_gold_ts manual__2024-08-21T17:00:11.958650+00:00 [queued]>
[2024-08-21T17:00:53.282+0000] {taskinstance.py:1083} INFO - Dependencies all met for <TaskInstance: dag_gold_ts.process_gold_ts manual__2024-08-21T17:00:11.958650+00:00 [queued]>
[2024-08-21T17:00:53.283+0000] {taskinstance.py:1279} INFO - 
--------------------------------------------------------------------------------
[2024-08-21T17:00:53.283+0000] {taskinstance.py:1280} INFO - Starting attempt 1 of 1
[2024-08-21T17:00:53.283+0000] {taskinstance.py:1281} INFO - 
--------------------------------------------------------------------------------
[2024-08-21T17:00:53.294+0000] {taskinstance.py:1300} INFO - Executing <Task(PythonOperator): process_gold_ts> on 2024-08-21 17:00:11.958650+00:00
[2024-08-21T17:00:53.300+0000] {standard_task_runner.py:55} INFO - Started process 2091 to run task
[2024-08-21T17:00:53.302+0000] {standard_task_runner.py:82} INFO - Running: ['***', 'tasks', 'run', 'dag_gold_ts', 'process_gold_ts', 'manual__2024-08-21T17:00:11.958650+00:00', '--job-id', '9990', '--raw', '--subdir', 'DAGS_FOLDER/dag_ts_inmet.py', '--cfg-path', '/tmp/tmpw0g3t5nw']
[2024-08-21T17:00:53.304+0000] {standard_task_runner.py:83} INFO - Job 9990: Subtask process_gold_ts
[2024-08-21T17:00:53.345+0000] {task_command.py:388} INFO - Running <TaskInstance: dag_gold_ts.process_gold_ts manual__2024-08-21T17:00:11.958650+00:00 [running]> on host 63d1cc5d0723
[2024-08-21T17:00:53.393+0000] {taskinstance.py:1509} INFO - Exporting the following env vars:
AIRFLOW_CTX_DAG_OWNER=***
AIRFLOW_CTX_DAG_ID=dag_gold_ts
AIRFLOW_CTX_TASK_ID=process_gold_ts
AIRFLOW_CTX_EXECUTION_DATE=2024-08-21T17:00:11.958650+00:00
AIRFLOW_CTX_TRY_NUMBER=1
AIRFLOW_CTX_DAG_RUN_ID=manual__2024-08-21T17:00:11.958650+00:00
[2024-08-21T17:00:55.547+0000] {warnings.py:110} WARNING - /home/***/.local/lib/python3.7/site-packages/pyspark/context.py:317: FutureWarning: Python 3.7 support is deprecated in Spark 3.4.
  warnings.warn("Python 3.7 support is deprecated in Spark 3.4.", FutureWarning)

[2024-08-21T17:01:00.176+0000] {taskinstance.py:1768} ERROR - Task failed with exception
Traceback (most recent call last):
  File "/home/airflow/.local/lib/python3.7/site-packages/airflow/operators/python.py", line 175, in execute
    return_value = self.execute_callable()
  File "/home/airflow/.local/lib/python3.7/site-packages/airflow/operators/python.py", line 192, in execute_callable
    return self.python_callable(*self.op_args, **self.op_kwargs)
  File "/opt/airflow/dags/dag_ts_inmet.py", line 44, in run_gold_ts
    gold_ts.ts_gold(spark)
  File "/opt/airflow/plugins/gold_ts_plugin.py", line 12, in wrapper
    resultado = metodo(*args, **kwargs)
  File "/opt/airflow/plugins/gold_ts_plugin.py", line 94, in ts_gold
    ts.to_csv(caminho, header=True, date_format='%Y-%m-%d', float_format='%.1f')
  File "/home/airflow/.local/lib/python3.7/site-packages/pandas/core/generic.py", line 3482, in to_csv
    storage_options=storage_options,
  File "/home/airflow/.local/lib/python3.7/site-packages/pandas/io/formats/format.py", line 1105, in to_csv
    csv_formatter.save()
  File "/home/airflow/.local/lib/python3.7/site-packages/pandas/io/formats/csvs.py", line 243, in save
    storage_options=self.storage_options,
  File "/home/airflow/.local/lib/python3.7/site-packages/pandas/io/common.py", line 707, in get_handle
    newline="",
PermissionError: [Errno 13] Permission denied: '/opt/airflow/data/gold/gold_ts/serie_temporal.csv'
[2024-08-21T17:01:00.185+0000] {taskinstance.py:1323} INFO - Marking task as FAILED. dag_id=dag_gold_ts, task_id=process_gold_ts, execution_date=20240821T170011, start_date=20240821T170053, end_date=20240821T170100
[2024-08-21T17:01:00.196+0000] {standard_task_runner.py:105} ERROR - Failed to execute job 9990 for task process_gold_ts ([Errno 13] Permission denied: '/opt/airflow/data/gold/gold_ts/serie_temporal.csv'; 2091)
[2024-08-21T17:01:00.212+0000] {local_task_job.py:208} INFO - Task exited with return code 1
[2024-08-21T17:01:00.227+0000] {taskinstance.py:2578} INFO - 0 downstream tasks scheduled from follow-on schedule check
