[2024-08-02T01:07:55.361+0000] {taskinstance.py:1083} INFO - Dependencies all met for <TaskInstance: dag_inmet.send_email_normal manual__2024-08-02T00:47:41.094281+00:00 [queued]>
[2024-08-02T01:07:55.375+0000] {taskinstance.py:1083} INFO - Dependencies all met for <TaskInstance: dag_inmet.send_email_normal manual__2024-08-02T00:47:41.094281+00:00 [queued]>
[2024-08-02T01:07:55.375+0000] {taskinstance.py:1279} INFO - 
--------------------------------------------------------------------------------
[2024-08-02T01:07:55.375+0000] {taskinstance.py:1280} INFO - Starting attempt 1 of 1
[2024-08-02T01:07:55.375+0000] {taskinstance.py:1281} INFO - 
--------------------------------------------------------------------------------
[2024-08-02T01:07:55.392+0000] {taskinstance.py:1300} INFO - Executing <Task(PythonOperator): send_email_normal> on 2024-08-02 00:47:41.094281+00:00
[2024-08-02T01:07:55.402+0000] {standard_task_runner.py:55} INFO - Started process 13844 to run task
[2024-08-02T01:07:55.403+0000] {standard_task_runner.py:82} INFO - Running: ['***', 'tasks', 'run', 'dag_inmet', 'send_email_normal', 'manual__2024-08-02T00:47:41.094281+00:00', '--job-id', '3679', '--raw', '--subdir', 'DAGS_FOLDER/dag_inmet.py', '--cfg-path', '/tmp/tmpsp2ihaxp']
[2024-08-02T01:07:55.405+0000] {standard_task_runner.py:83} INFO - Job 3679: Subtask send_email_normal
[2024-08-02T01:07:55.449+0000] {task_command.py:388} INFO - Running <TaskInstance: dag_inmet.send_email_normal manual__2024-08-02T00:47:41.094281+00:00 [running]> on host f6bf7ea09fbf
[2024-08-02T01:07:55.501+0000] {taskinstance.py:1509} INFO - Exporting the following env vars:
AIRFLOW_CTX_DAG_OWNER=***
AIRFLOW_CTX_DAG_ID=dag_inmet
AIRFLOW_CTX_TASK_ID=send_email_normal
AIRFLOW_CTX_EXECUTION_DATE=2024-08-02T00:47:41.094281+00:00
AIRFLOW_CTX_TRY_NUMBER=1
AIRFLOW_CTX_DAG_RUN_ID=manual__2024-08-02T00:47:41.094281+00:00
[2024-08-02T01:07:55.510+0000] {taskinstance.py:1768} ERROR - Task failed with exception
Traceback (most recent call last):
  File "/home/airflow/.local/lib/python3.7/site-packages/airflow/operators/python.py", line 175, in execute
    return_value = self.execute_callable()
  File "/home/airflow/.local/lib/python3.7/site-packages/airflow/operators/python.py", line 192, in execute_callable
    return self.python_callable(*self.op_args, **self.op_kwargs)
  File "/opt/airflow/dags/dag_inmet.py", line 137, in send_email_with_results
    ''',
TypeError: 'NoneType' object is not subscriptable
[2024-08-02T01:07:55.516+0000] {taskinstance.py:1323} INFO - Marking task as FAILED. dag_id=dag_inmet, task_id=send_email_normal, execution_date=20240802T004741, start_date=20240802T010755, end_date=20240802T010755
[2024-08-02T01:07:55.527+0000] {standard_task_runner.py:105} ERROR - Failed to execute job 3679 for task send_email_normal ('NoneType' object is not subscriptable; 13844)
[2024-08-02T01:07:55.535+0000] {local_task_job.py:208} INFO - Task exited with return code 1
[2024-08-02T01:07:55.550+0000] {taskinstance.py:2578} INFO - 0 downstream tasks scheduled from follow-on schedule check
