[2024-07-03T14:09:45.216+0000] {taskinstance.py:1083} INFO - Dependencies all met for <TaskInstance: hook.select_data_task manual__2024-07-03T14:09:42.440968+00:00 [queued]>
[2024-07-03T14:09:45.227+0000] {taskinstance.py:1083} INFO - Dependencies all met for <TaskInstance: hook.select_data_task manual__2024-07-03T14:09:42.440968+00:00 [queued]>
[2024-07-03T14:09:45.227+0000] {taskinstance.py:1279} INFO - 
--------------------------------------------------------------------------------
[2024-07-03T14:09:45.227+0000] {taskinstance.py:1280} INFO - Starting attempt 1 of 1
[2024-07-03T14:09:45.228+0000] {taskinstance.py:1281} INFO - 
--------------------------------------------------------------------------------
[2024-07-03T14:09:45.242+0000] {taskinstance.py:1300} INFO - Executing <Task(PythonOperator): select_data_task> on 2024-07-03 14:09:42.440968+00:00
[2024-07-03T14:09:45.249+0000] {standard_task_runner.py:55} INFO - Started process 7912 to run task
[2024-07-03T14:09:45.251+0000] {standard_task_runner.py:82} INFO - Running: ['***', 'tasks', 'run', 'hook', 'select_data_task', 'manual__2024-07-03T14:09:42.440968+00:00', '--job-id', '777', '--raw', '--subdir', 'DAGS_FOLDER/hooks.py', '--cfg-path', '/tmp/tmpjiy69ngj']
[2024-07-03T14:09:45.251+0000] {standard_task_runner.py:83} INFO - Job 777: Subtask select_data_task
[2024-07-03T14:09:45.312+0000] {task_command.py:388} INFO - Running <TaskInstance: hook.select_data_task manual__2024-07-03T14:09:42.440968+00:00 [running]> on host 6932124ae65a
[2024-07-03T14:09:45.377+0000] {taskinstance.py:1509} INFO - Exporting the following env vars:
AIRFLOW_CTX_DAG_OWNER=***
AIRFLOW_CTX_DAG_ID=hook
AIRFLOW_CTX_TASK_ID=select_data_task
AIRFLOW_CTX_EXECUTION_DATE=2024-07-03T14:09:42.440968+00:00
AIRFLOW_CTX_TRY_NUMBER=1
AIRFLOW_CTX_DAG_RUN_ID=manual__2024-07-03T14:09:42.440968+00:00
[2024-07-03T14:09:45.378+0000] {taskinstance.py:1768} ERROR - Task failed with exception
Traceback (most recent call last):
  File "/home/airflow/.local/lib/python3.7/site-packages/airflow/operators/python.py", line 175, in execute
    return_value = self.execute_callable()
  File "/home/airflow/.local/lib/python3.7/site-packages/airflow/operators/python.py", line 192, in execute_callable
    return self.python_callable(*self.op_args, **self.op_kwargs)
  File "/opt/airflow/dags/hooks.py", line 23, in select_data
    records=pg_hook.get_records('select * from teste2', autocommit=True)
TypeError: get_records() got an unexpected keyword argument 'autocommit'
[2024-07-03T14:09:45.387+0000] {taskinstance.py:1323} INFO - Marking task as FAILED. dag_id=hook, task_id=select_data_task, execution_date=20240703T140942, start_date=20240703T140945, end_date=20240703T140945
[2024-07-03T14:09:45.402+0000] {standard_task_runner.py:105} ERROR - Failed to execute job 777 for task select_data_task (get_records() got an unexpected keyword argument 'autocommit'; 7912)
[2024-07-03T14:09:45.423+0000] {local_task_job.py:208} INFO - Task exited with return code 1
[2024-07-03T14:09:45.461+0000] {taskinstance.py:2578} INFO - 0 downstream tasks scheduled from follow-on schedule check
