[2024-08-21T17:33:35.790+0000] {taskinstance.py:1083} INFO - Dependencies all met for <TaskInstance: dag_gold_ts.process_gold_ts manual__2024-08-21T17:33:28.205074+00:00 [queued]>
[2024-08-21T17:33:35.798+0000] {taskinstance.py:1083} INFO - Dependencies all met for <TaskInstance: dag_gold_ts.process_gold_ts manual__2024-08-21T17:33:28.205074+00:00 [queued]>
[2024-08-21T17:33:35.798+0000] {taskinstance.py:1279} INFO - 
--------------------------------------------------------------------------------
[2024-08-21T17:33:35.799+0000] {taskinstance.py:1280} INFO - Starting attempt 1 of 1
[2024-08-21T17:33:35.799+0000] {taskinstance.py:1281} INFO - 
--------------------------------------------------------------------------------
[2024-08-21T17:33:35.809+0000] {taskinstance.py:1300} INFO - Executing <Task(PythonOperator): process_gold_ts> on 2024-08-21 17:33:28.205074+00:00
[2024-08-21T17:33:35.815+0000] {standard_task_runner.py:55} INFO - Started process 123 to run task
[2024-08-21T17:33:35.816+0000] {standard_task_runner.py:82} INFO - Running: ['***', 'tasks', 'run', 'dag_gold_ts', 'process_gold_ts', 'manual__2024-08-21T17:33:28.205074+00:00', '--job-id', '10143', '--raw', '--subdir', 'DAGS_FOLDER/dag_ts_inmet.py', '--cfg-path', '/tmp/tmp9e0gt6l1']
[2024-08-21T17:33:35.818+0000] {standard_task_runner.py:83} INFO - Job 10143: Subtask process_gold_ts
[2024-08-21T17:33:35.874+0000] {task_command.py:388} INFO - Running <TaskInstance: dag_gold_ts.process_gold_ts manual__2024-08-21T17:33:28.205074+00:00 [running]> on host 0672a1a8122f
[2024-08-21T17:33:35.934+0000] {taskinstance.py:1509} INFO - Exporting the following env vars:
AIRFLOW_CTX_DAG_OWNER=***
AIRFLOW_CTX_DAG_ID=dag_gold_ts
AIRFLOW_CTX_TASK_ID=process_gold_ts
AIRFLOW_CTX_EXECUTION_DATE=2024-08-21T17:33:28.205074+00:00
AIRFLOW_CTX_TRY_NUMBER=1
AIRFLOW_CTX_DAG_RUN_ID=manual__2024-08-21T17:33:28.205074+00:00
[2024-08-21T17:33:38.437+0000] {warnings.py:110} WARNING - /home/***/.local/lib/python3.7/site-packages/pyspark/context.py:317: FutureWarning: Python 3.7 support is deprecated in Spark 3.4.
  warnings.warn("Python 3.7 support is deprecated in Spark 3.4.", FutureWarning)

[2024-08-21T17:33:39.519+0000] {taskinstance.py:1768} ERROR - Task failed with exception
Traceback (most recent call last):
  File "/home/airflow/.local/lib/python3.7/site-packages/airflow/operators/python.py", line 175, in execute
    return_value = self.execute_callable()
  File "/home/airflow/.local/lib/python3.7/site-packages/airflow/operators/python.py", line 192, in execute_callable
    return self.python_callable(*self.op_args, **self.op_kwargs)
  File "/opt/airflow/dags/dag_ts_inmet.py", line 44, in run_gold_ts
    gold_ts.ts_gold(spark)
  File "/opt/airflow/plugins/gold_ts_plugin.py", line 12, in wrapper
    resultado = metodo(*args, **kwargs)
  File "/opt/airflow/plugins/gold_ts_plugin.py", line 56, in ts_gold
    df = spark.read.parquet(pasta_silver)
  File "/home/airflow/.local/lib/python3.7/site-packages/pyspark/sql/readwriter.py", line 531, in parquet
    return self._df(self._jreader.parquet(_to_seq(self._spark._sc, paths)))
  File "/home/airflow/.local/lib/python3.7/site-packages/py4j/java_gateway.py", line 1323, in __call__
    answer, self.gateway_client, self.target_id, self.name)
  File "/home/airflow/.local/lib/python3.7/site-packages/pyspark/errors/exceptions/captured.py", line 175, in deco
    raise converted from None
pyspark.errors.exceptions.captured.AnalysisException: [PATH_NOT_FOUND] Path does not exist: file:/opt/airflow/data/silver/rainfall/EXTRACT_YEAR=2024/EXTRACT_MONTH=09.
[2024-08-21T17:33:39.539+0000] {taskinstance.py:1323} INFO - Marking task as FAILED. dag_id=dag_gold_ts, task_id=process_gold_ts, execution_date=20240821T173328, start_date=20240821T173335, end_date=20240821T173339
[2024-08-21T17:33:39.551+0000] {standard_task_runner.py:105} ERROR - Failed to execute job 10143 for task process_gold_ts ([PATH_NOT_FOUND] Path does not exist: file:/opt/airflow/data/silver/rainfall/EXTRACT_YEAR=2024/EXTRACT_MONTH=09.; 123)
[2024-08-21T17:33:39.596+0000] {local_task_job.py:208} INFO - Task exited with return code 1
[2024-08-21T17:33:39.612+0000] {taskinstance.py:2578} INFO - 0 downstream tasks scheduled from follow-on schedule check
